<?xml version="1.0" encoding="UTF-8"?>
<testng-results skipped="0" failed="0" total="1" passed="1">
  <reporter-output>
  </reporter-output>
  <suite name="CMS_GENERIC_Test" duration-ms="210016" started-at="2012-08-10T19:19:08Z" finished-at="2012-08-10T19:22:38Z">
    <groups>
    </groups>
    <test name="CMS_Remote_Publish_Test" duration-ms="210016" started-at="2012-08-10T19:19:08Z" finished-at="2012-08-10T19:22:38Z">
      <class name="com.covisint.cms.rp.CMS_RP_Test">
        <test-method status="PASS" signature="beforeSuite(org.testng.ITestContext)[pri:0, instance:com.covisint.cms.rp.CMS_RP_Test@3c938d]" name="beforeSuite" is-config="true" duration-ms="5750" started-at="2012-08-10T19:19:02Z" finished-at="2012-08-10T19:19:08Z">
          <params>
            <param index="0">
              <value>
                <![CDATA[org.testng.TestRunner@9bec85]]>
              </value>
            </param>
          </params>
        </test-method> <!-- beforeSuite -->
        <test-method status="PASS" signature="beforeClass(org.testng.ITestContext)[pri:0, instance:com.covisint.cms.rp.CMS_RP_Test@3c938d]" name="beforeClass" is-config="true" duration-ms="52937" started-at="2012-08-10T19:19:08Z" finished-at="2012-08-10T19:20:01Z">
          <params>
            <param index="0">
              <value>
                <![CDATA[org.testng.TestRunner@9bec85]]>
              </value>
            </param>
          </params>
        </test-method> <!-- beforeClass -->
        <test-method status="PASS" signature="testCMS_112_Publish_Web_Content()[pri:0, instance:com.covisint.cms.rp.CMS_RP_Test@3c938d]" name="testCMS_112_Publish_Web_Content" duration-ms="156500" started-at="2012-08-10T19:20:01Z" description="CMS-112:Remote Publishing_publish web content" finished-at="2012-08-10T19:22:38Z">
        </test-method> <!-- testCMS_112_Publish_Web_Content -->
        <test-method status="PASS" signature="afterClass()[pri:0, instance:com.covisint.cms.rp.CMS_RP_Test@3c938d]" name="afterClass" is-config="true" duration-ms="547" started-at="2012-08-10T19:22:38Z" finished-at="2012-08-10T19:22:38Z">
        </test-method> <!-- afterClass -->
        <test-method status="PASS" signature="afterSuite()[pri:0, instance:com.covisint.cms.rp.CMS_RP_Test@3c938d]" name="afterSuite" is-config="true" duration-ms="3125" started-at="2012-08-10T19:22:38Z" finished-at="2012-08-10T19:22:41Z">
        </test-method> <!-- afterSuite -->
      </class> <!-- com.covisint.cms.rp.CMS_RP_Test -->
    </test> <!-- CMS_Remote_Publish_Test -->
  </suite> <!-- CMS_GENERIC_Test -->
</testng-results>
